0 info it worked if it ends with ok
1 verbose cli [ 'node',
1 verbose cli   '/usr/local/bin/npm',
1 verbose cli   'install',
1 verbose cli   'body-parser',
1 verbose cli   'ejs',
1 verbose cli   'express',
1 verbose cli   'mongodb',
1 verbose cli   'mysql',
1 verbose cli   'mysqlfabric-nodejs-connectors',
1 verbose cli   'util',
1 verbose cli   '--save' ]
2 info using npm@2.5.1
3 info using node@v0.12.0
4 verbose node symlink /usr/local/bin/node
5 warn package.json mvc-http-server@1.1.3 No description
6 warn package.json mvc-http-server@1.1.3 No repository field.
7 warn package.json util@0.10.3 util is also the name of a node core module.
8 silly cache add args [ 'body-parser@^1.10.1', null ]
9 verbose cache add spec body-parser@^1.10.1
10 silly cache add args [ 'ejs@^2.1.4', null ]
11 verbose cache add spec ejs@^2.1.4
12 silly cache add args [ 'express@^4.10.8', null ]
13 verbose cache add spec express@^4.10.8
14 silly cache add args [ 'mongodb@^1.4.28', null ]
15 verbose cache add spec mongodb@^1.4.28
16 silly cache add args [ 'mysql@^2.9.0', null ]
17 verbose cache add spec mysql@^2.9.0
18 silly cache add args [ 'mysqlfabric-nodejs-connectors', null ]
19 verbose cache add spec mysqlfabric-nodejs-connectors
20 silly cache add args [ 'util@^0.10.3', null ]
21 verbose cache add spec util@^0.10.3
22 silly cache add parsed spec { raw: 'body-parser@^1.10.1',
22 silly cache add   scope: null,
22 silly cache add   name: 'body-parser',
22 silly cache add   rawSpec: '^1.10.1',
22 silly cache add   spec: '>=1.10.1 <2.0.0',
22 silly cache add   type: 'range' }
23 verbose addNamed body-parser@>=1.10.1 <2.0.0
24 silly addNamed semver.valid null
25 silly addNamed semver.validRange >=1.10.1 <2.0.0
26 silly addNameRange { name: 'body-parser', range: '>=1.10.1 <2.0.0', hasData: false }
27 silly mapToRegistry name body-parser
28 silly mapToRegistry using default registry
29 silly mapToRegistry registry https://registry.npmjs.org/
30 silly mapToRegistry uri https://registry.npmjs.org/body-parser
31 verbose addNameRange registry:https://registry.npmjs.org/body-parser not in flight; fetching
32 silly cache add parsed spec { raw: 'ejs@^2.1.4',
32 silly cache add   scope: null,
32 silly cache add   name: 'ejs',
32 silly cache add   rawSpec: '^2.1.4',
32 silly cache add   spec: '>=2.1.4 <3.0.0',
32 silly cache add   type: 'range' }
33 verbose addNamed ejs@>=2.1.4 <3.0.0
34 silly addNamed semver.valid null
35 silly addNamed semver.validRange >=2.1.4 <3.0.0
36 silly addNameRange { name: 'ejs', range: '>=2.1.4 <3.0.0', hasData: false }
37 silly mapToRegistry name ejs
38 silly mapToRegistry using default registry
39 silly mapToRegistry registry https://registry.npmjs.org/
40 silly mapToRegistry uri https://registry.npmjs.org/ejs
41 verbose addNameRange registry:https://registry.npmjs.org/ejs not in flight; fetching
42 silly cache add parsed spec { raw: 'express@^4.10.8',
42 silly cache add   scope: null,
42 silly cache add   name: 'express',
42 silly cache add   rawSpec: '^4.10.8',
42 silly cache add   spec: '>=4.10.8 <5.0.0',
42 silly cache add   type: 'range' }
43 verbose addNamed express@>=4.10.8 <5.0.0
44 silly addNamed semver.valid null
45 silly addNamed semver.validRange >=4.10.8 <5.0.0
46 silly addNameRange { name: 'express', range: '>=4.10.8 <5.0.0', hasData: false }
47 silly mapToRegistry name express
48 silly mapToRegistry using default registry
49 silly mapToRegistry registry https://registry.npmjs.org/
50 silly mapToRegistry uri https://registry.npmjs.org/express
51 verbose addNameRange registry:https://registry.npmjs.org/express not in flight; fetching
52 silly cache add parsed spec { raw: 'mongodb@^1.4.28',
52 silly cache add   scope: null,
52 silly cache add   name: 'mongodb',
52 silly cache add   rawSpec: '^1.4.28',
52 silly cache add   spec: '>=1.4.28 <2.0.0',
52 silly cache add   type: 'range' }
53 verbose addNamed mongodb@>=1.4.28 <2.0.0
54 silly addNamed semver.valid null
55 silly addNamed semver.validRange >=1.4.28 <2.0.0
56 silly addNameRange { name: 'mongodb', range: '>=1.4.28 <2.0.0', hasData: false }
57 silly mapToRegistry name mongodb
58 silly mapToRegistry using default registry
59 silly mapToRegistry registry https://registry.npmjs.org/
60 silly mapToRegistry uri https://registry.npmjs.org/mongodb
61 verbose addNameRange registry:https://registry.npmjs.org/mongodb not in flight; fetching
62 silly cache add parsed spec { raw: 'mysql@^2.9.0',
62 silly cache add   scope: null,
62 silly cache add   name: 'mysql',
62 silly cache add   rawSpec: '^2.9.0',
62 silly cache add   spec: '>=2.9.0 <3.0.0',
62 silly cache add   type: 'range' }
63 verbose addNamed mysql@>=2.9.0 <3.0.0
64 silly addNamed semver.valid null
65 silly addNamed semver.validRange >=2.9.0 <3.0.0
66 silly addNameRange { name: 'mysql', range: '>=2.9.0 <3.0.0', hasData: false }
67 silly mapToRegistry name mysql
68 silly mapToRegistry using default registry
69 silly mapToRegistry registry https://registry.npmjs.org/
70 silly mapToRegistry uri https://registry.npmjs.org/mysql
71 verbose addNameRange registry:https://registry.npmjs.org/mysql not in flight; fetching
72 silly cache add parsed spec { raw: 'util@^0.10.3',
72 silly cache add   scope: null,
72 silly cache add   name: 'util',
72 silly cache add   rawSpec: '^0.10.3',
72 silly cache add   spec: '>=0.10.3 <0.11.0',
72 silly cache add   type: 'range' }
73 verbose addNamed util@>=0.10.3 <0.11.0
74 silly addNamed semver.valid null
75 silly addNamed semver.validRange >=0.10.3 <0.11.0
76 silly addNameRange { name: 'util', range: '>=0.10.3 <0.11.0', hasData: false }
77 silly mapToRegistry name util
78 silly mapToRegistry using default registry
79 silly mapToRegistry registry https://registry.npmjs.org/
80 silly mapToRegistry uri https://registry.npmjs.org/util
81 verbose addNameRange registry:https://registry.npmjs.org/util not in flight; fetching
82 silly cache add parsed spec { raw: 'mysqlfabric-nodejs-connectors',
82 silly cache add   scope: null,
82 silly cache add   name: 'mysqlfabric-nodejs-connectors',
82 silly cache add   rawSpec: '',
82 silly cache add   spec: '*',
82 silly cache add   type: 'range' }
83 verbose addNamed mysqlfabric-nodejs-connectors@*
84 silly addNamed semver.valid null
85 silly addNamed semver.validRange *
86 silly addNameRange { name: 'mysqlfabric-nodejs-connectors',
86 silly addNameRange   range: '*',
86 silly addNameRange   hasData: false }
87 silly mapToRegistry name mysqlfabric-nodejs-connectors
88 silly mapToRegistry using default registry
89 silly mapToRegistry registry https://registry.npmjs.org/
90 silly mapToRegistry uri https://registry.npmjs.org/mysqlfabric-nodejs-connectors
91 verbose addNameRange registry:https://registry.npmjs.org/mysqlfabric-nodejs-connectors not in flight; fetching
92 verbose request uri https://registry.npmjs.org/mysqlfabric-nodejs-connectors
93 verbose request no auth needed
94 info attempt registry request try #1 at 10:27:35
95 verbose request using bearer token for auth
96 verbose request id effba95022fd1115
97 http request GET https://registry.npmjs.org/mysqlfabric-nodejs-connectors
98 verbose request uri https://registry.npmjs.org/body-parser
99 verbose request no auth needed
100 info attempt registry request try #1 at 10:27:35
101 verbose request using bearer token for auth
102 verbose etag "B81675MMJWQGXU3C8ZQXXUVUO"
103 http request GET https://registry.npmjs.org/body-parser
104 verbose request uri https://registry.npmjs.org/ejs
105 verbose request no auth needed
106 info attempt registry request try #1 at 10:27:35
107 verbose request using bearer token for auth
108 verbose etag "BS0U8PECSVATIDWXPVILH2TLB"
109 http request GET https://registry.npmjs.org/ejs
110 verbose request uri https://registry.npmjs.org/express
111 verbose request no auth needed
112 info attempt registry request try #1 at 10:27:35
113 verbose request using bearer token for auth
114 verbose etag "BVBYCB8UD6PS7A76852Q7JTNU"
115 http request GET https://registry.npmjs.org/express
116 verbose request uri https://registry.npmjs.org/mysql
117 verbose request no auth needed
118 info attempt registry request try #1 at 10:27:35
119 verbose request using bearer token for auth
120 verbose etag "84L81N19DEVBEKA9A8EQGHWL5"
121 http request GET https://registry.npmjs.org/mysql
122 verbose request uri https://registry.npmjs.org/util
123 verbose request no auth needed
124 info attempt registry request try #1 at 10:27:35
125 verbose request using bearer token for auth
126 verbose etag "E3RUGQS2LRPI3DS294X7MI9X0"
127 http request GET https://registry.npmjs.org/util
128 verbose request uri https://registry.npmjs.org/mongodb
129 verbose request no auth needed
130 info attempt registry request try #1 at 10:27:35
131 verbose request using bearer token for auth
132 verbose etag "3PY7TY7313TMI00UAX0V9FWBY"
133 http request GET https://registry.npmjs.org/mongodb
134 http 304 https://registry.npmjs.org/mongodb
135 silly get cb [ 304,
135 silly get   { 'cache-control': 'max-age=60',
135 silly get     'accept-ranges': 'bytes',
135 silly get     date: 'Mon, 12 Oct 2015 01:27:35 GMT',
135 silly get     via: '1.1 varnish',
135 silly get     connection: 'keep-alive',
135 silly get     'x-served-by': 'cache-nrt6121-NRT',
135 silly get     'x-cache': 'MISS',
135 silly get     'x-cache-hits': '0',
135 silly get     'x-timer': 'S1444613255.373161,VS0,VE176' } ]
136 verbose etag https://registry.npmjs.org/mongodb from cache
137 verbose get saving mongodb to /Users/youniforever/.npm/registry.npmjs.org/mongodb/.cache.json
138 http 304 https://registry.npmjs.org/util
139 silly get cb [ 304,
139 silly get   { 'cache-control': 'max-age=60',
139 silly get     'accept-ranges': 'bytes',
139 silly get     date: 'Mon, 12 Oct 2015 01:27:35 GMT',
139 silly get     via: '1.1 varnish',
139 silly get     connection: 'keep-alive',
139 silly get     'x-served-by': 'cache-nrt6133-NRT',
139 silly get     'x-cache': 'MISS',
139 silly get     'x-cache-hits': '0',
139 silly get     'x-timer': 'S1444613255.366839,VS0,VE183' } ]
140 verbose etag https://registry.npmjs.org/util from cache
141 verbose get saving util to /Users/youniforever/.npm/registry.npmjs.org/util/.cache.json
142 silly addNameRange number 2 { name: 'util', range: '>=0.10.3 <0.11.0', hasData: true }
143 silly addNameRange versions [ 'util', [ '0.4.9', '0.10.0', '0.10.1', '0.10.2', '0.10.3' ] ]
144 verbose addNamed util@0.10.3
145 silly addNamed semver.valid 0.10.3
146 silly addNamed semver.validRange 0.10.3
147 silly addNameRange number 2 { name: 'mongodb', range: '>=1.4.28 <2.0.0', hasData: true }
148 silly addNameRange versions [ 'mongodb',
148 silly addNameRange   [ '0.9.4',
148 silly addNameRange     '0.9.4-4',
148 silly addNameRange     '0.9.3',
148 silly addNameRange     '0.9.1',
148 silly addNameRange     '0.9.2',
148 silly addNameRange     '0.9.6-7',
148 silly addNameRange     '0.9.6-8',
148 silly addNameRange     '0.9.6-9',
148 silly addNameRange     '0.9.6-10',
148 silly addNameRange     '0.9.6-11',
148 silly addNameRange     '0.9.6-12',
148 silly addNameRange     '0.9.6-13',
148 silly addNameRange     '0.9.6-14',
148 silly addNameRange     '0.9.6-15',
148 silly addNameRange     '0.9.6-16',
148 silly addNameRange     '0.9.6-17',
148 silly addNameRange     '0.9.6-18',
148 silly addNameRange     '0.9.6-19',
148 silly addNameRange     '0.9.6-20',
148 silly addNameRange     '0.9.6-21',
148 silly addNameRange     '0.9.6-22',
148 silly addNameRange     '0.9.6-23',
148 silly addNameRange     '0.9.7',
148 silly addNameRange     '0.9.7-0',
148 silly addNameRange     '0.9.7-1',
148 silly addNameRange     '0.9.7-1.1',
148 silly addNameRange     '0.9.7-1.2',
148 silly addNameRange     '0.9.7-1.3',
148 silly addNameRange     '0.9.7-1.4',
148 silly addNameRange     '0.9.7-2',
148 silly addNameRange     '0.9.7-2-1',
148 silly addNameRange     '0.9.7-2-2',
148 silly addNameRange     '0.9.7-2-3',
148 silly addNameRange     '0.9.7-2-4',
148 silly addNameRange     '0.9.7-2-5',
148 silly addNameRange     '0.9.7-3',
148 silly addNameRange     '0.9.7-3-1',
148 silly addNameRange     '0.9.7-3-2',
148 silly addNameRange     '0.9.7-3-3',
148 silly addNameRange     '0.9.7-3-4',
148 silly addNameRange     '0.9.7-3-5',
148 silly addNameRange     '0.9.8',
148 silly addNameRange     '0.9.8-1',
148 silly addNameRange     '0.9.8-2',
148 silly addNameRange     '0.9.8-3',
148 silly addNameRange     '0.9.8-4',
148 silly addNameRange     '0.9.8-5',
148 silly addNameRange     '0.9.8-6',
148 silly addNameRange     '0.9.8-7',
148 silly addNameRange     '0.9.9',
148 silly addNameRange     '0.9.9-1',
148 silly addNameRange     '0.9.9-2',
148 silly addNameRange     '0.9.9-3',
148 silly addNameRange     '0.9.9-4',
148 silly addNameRange     '0.9.9-5',
148 silly addNameRange     '0.9.9-6',
148 silly addNameRange     '0.9.9-7',
148 silly addNameRange     '0.9.9-8',
148 silly addNameRange     '1.0.0',
148 silly addNameRange     '1.0.1',
148 silly addNameRange     '1.0.2',
148 silly addNameRange     '1.1.0-beta',
148 silly addNameRange     '1.1.0',
148 silly addNameRange     '1.1.1',
148 silly addNameRange     '1.1.2',
148 silly addNameRange     '1.1.3',
148 silly addNameRange     '1.1.4',
148 silly addNameRange     '1.1.5',
148 silly addNameRange     '1.1.6',
148 silly addNameRange     '1.1.7',
148 silly addNameRange     '1.1.8',
148 silly addNameRange     '1.1.9',
148 silly addNameRange     '1.1.10',
148 silly addNameRange     '1.1.11',
148 silly addNameRange     '1.2.0',
148 silly addNameRange     '1.2.1',
148 silly addNameRange     '1.2.2',
148 silly addNameRange     '1.2.3',
148 silly addNameRange     '1.2.4',
148 silly addNameRange     '1.2.5',
148 silly addNameRange     '1.2.6',
148 silly addNameRange     '1.2.7',
148 silly addNameRange     '1.2.8',
148 silly addNameRange     '1.2.9',
148 silly addNameRange     '1.2.10',
148 silly addNameRange     '1.2.11',
148 silly addNameRange     '1.2.12',
148 silly addNameRange     '1.2.13',
148 silly addNameRange     '1.2.14',
148 silly addNameRange     '1.3.0',
148 silly addNameRange     '1.3.1',
148 silly addNameRange     '1.3.2',
148 silly addNameRange     '1.3.3',
148 silly addNameRange     '1.3.4',
148 silly addNameRange     '1.3.5',
148 silly addNameRange     '1.3.6',
148 silly addNameRange     '1.3.7',
148 silly addNameRange     '1.3.8',
148 silly addNameRange     '1.3.9',
148 silly addNameRange     '1.3.10',
148 silly addNameRange     '1.3.11',
148 silly addNameRange     '1.3.12',
148 silly addNameRange     '1.3.14',
148 silly addNameRange     '1.3.15',
148 silly addNameRange     '1.3.17',
148 silly addNameRange     '1.3.18',
148 silly addNameRange     '1.3.19',
148 silly addNameRange     '1.4.0-rc2',
148 silly addNameRange     '1.3.20',
148 silly addNameRange     '1.4.0-rc3',
148 silly addNameRange     '1.3.21',
148 silly addNameRange     '1.3.22',
148 silly addNameRange     '1.3.23',
148 silly addNameRange     '1.4.0-rc4',
148 silly addNameRange     '1.4.0-rc5',
148 silly addNameRange     '1.4.0-rc6',
148 silly addNameRange     '1.4.0-rc7',
148 silly addNameRange     '1.4.0-rc8',
148 silly addNameRange     '1.4.0-rc9',
148 silly addNameRange     '1.4.0-rc10',
148 silly addNameRange     '1.4.0',
148 silly addNameRange     '1.4.1',
148 silly addNameRange     '1.4.2',
148 silly addNameRange     '1.4.3',
148 silly addNameRange     '1.4.4',
148 silly addNameRange     '1.4.5',
148 silly addNameRange     '1.4.6',
148 silly addNameRange     '1.4.7',
148 silly addNameRange     '1.4.8',
148 silly addNameRange     '1.4.9',
148 silly addNameRange     '1.4.10',
148 silly addNameRange     '2.0.0-alpha1',
148 silly addNameRange     '1.4.11',
148 silly addNameRange     '1.4.12',
148 silly addNameRange     '1.4.14',
148 silly addNameRange     '1.4.15',
148 silly addNameRange     '1.4.16',
148 silly addNameRange     '1.4.17',
148 silly addNameRange     '2.0.0-alpha2',
148 silly addNameRange     '1.4.18',
148 silly addNameRange     '2.0.0',
148 silly addNameRange     '2.0.1',
148 silly addNameRange     '2.0.2',
148 silly addNameRange     '1.4.19',
148 silly addNameRange     '2.0.3',
148 silly addNameRange     '2.0.4',
148 silly addNameRange     '2.0.5',
148 silly addNameRange     '2.0.6',
148 silly addNameRange     '1.4.20',
148 silly addNameRange     '1.4.22',
148 silly addNameRange     '2.0.7',
148 silly addNameRange     '2.0.8',
148 silly addNameRange     '2.0.9',
148 silly addNameRange     '1.4.23',
148 silly addNameRange     '2.0.10',
148 silly addNameRange     '1.4.24',
148 silly addNameRange     '2.0.11',
148 silly addNameRange     '1.4.25',
148 silly addNameRange     '2.0.12',
148 silly addNameRange     '1.4.26',
148 silly addNameRange     '1.4.27',
148 silly addNameRange     '1.4.28',
148 silly addNameRange     '2.0.13',
148 silly addNameRange     '2.0.14',
148 silly addNameRange     '1.4.29',
148 silly addNameRange     '2.0.15',
148 silly addNameRange     '1.4.30',
148 silly addNameRange     '2.0.16',
148 silly addNameRange     '1.4.31',
148 silly addNameRange     '2.0.17',
148 silly addNameRange     '1.4.32',
148 silly addNameRange     '2.0.18',
148 silly addNameRange     '2.0.19',
148 silly addNameRange     '1.4.33',
148 silly addNameRange     '2.0.20',
148 silly addNameRange     '2.0.21',
148 silly addNameRange     '1.4.34',
148 silly addNameRange     '2.0.22',
148 silly addNameRange     '2.0.23',
148 silly addNameRange     '1.4.35',
148 silly addNameRange     '2.0.24',
148 silly addNameRange     '2.0.25',
148 silly addNameRange     '2.0.26',
148 silly addNameRange     '2.0.27',
148 silly addNameRange     '2.0.28',
148 silly addNameRange     '2.0.29',
148 silly addNameRange     '1.4.36',
148 silly addNameRange     '2.0.30',
148 silly addNameRange     '1.4.37',
148 silly addNameRange     '2.0.31',
148 silly addNameRange     '1.4.38',
148 silly addNameRange     '2.0.32',
148 silly addNameRange     '2.0.33',
148 silly addNameRange     '2.1.0-alpha',
148 silly addNameRange     '2.0.34',
148 silly addNameRange     '2.0.35',
148 silly addNameRange     '2.0.36',
148 silly addNameRange     '2.0.37',
148 silly addNameRange     '2.0.38',
148 silly addNameRange     '2.0.39',
148 silly addNameRange     '1.4.39',
148 silly addNameRange     '2.0.40',
148 silly addNameRange     '2.0.41',
148 silly addNameRange     '2.0.42',
148 silly addNameRange     '2.0.43',
148 silly addNameRange     '2.0.44',
148 silly addNameRange     '2.0.45' ] ]
149 verbose addNamed mongodb@1.4.39
150 silly addNamed semver.valid 1.4.39
151 silly addNamed semver.validRange 1.4.39
152 silly cache afterAdd util@0.10.3
153 verbose afterAdd /Users/youniforever/.npm/util/0.10.3/package/package.json not in flight; writing
154 silly cache afterAdd mongodb@1.4.39
155 verbose afterAdd /Users/youniforever/.npm/mongodb/1.4.39/package/package.json not in flight; writing
156 verbose afterAdd /Users/youniforever/.npm/util/0.10.3/package/package.json written
157 verbose afterAdd /Users/youniforever/.npm/mongodb/1.4.39/package/package.json written
158 http 404 https://registry.npmjs.org/mysqlfabric-nodejs-connectors
159 verbose headers { 'content-type': 'application/json',
159 verbose headers   'cache-control': 'max-age=0',
159 verbose headers   'content-length': '2',
159 verbose headers   'accept-ranges': 'bytes',
159 verbose headers   date: 'Mon, 12 Oct 2015 01:27:36 GMT',
159 verbose headers   via: '1.1 varnish',
159 verbose headers   connection: 'keep-alive',
159 verbose headers   'x-served-by': 'cache-nrt6125-NRT',
159 verbose headers   'x-cache': 'MISS',
159 verbose headers   'x-cache-hits': '0',
159 verbose headers   'x-timer': 'S1444613255.364831,VS0,VE738' }
160 silly get cb [ 404,
160 silly get   { 'content-type': 'application/json',
160 silly get     'cache-control': 'max-age=0',
160 silly get     'content-length': '2',
160 silly get     'accept-ranges': 'bytes',
160 silly get     date: 'Mon, 12 Oct 2015 01:27:36 GMT',
160 silly get     via: '1.1 varnish',
160 silly get     connection: 'keep-alive',
160 silly get     'x-served-by': 'cache-nrt6125-NRT',
160 silly get     'x-cache': 'MISS',
160 silly get     'x-cache-hits': '0',
160 silly get     'x-timer': 'S1444613255.364831,VS0,VE738' } ]
161 http 200 https://registry.npmjs.org/ejs
162 silly get cb [ 200,
162 silly get   { server: 'CouchDB/1.5.0 (Erlang OTP/R16B03)',
162 silly get     etag: '"DTDH5CLNY0NPHXDZ72601SXBI"',
162 silly get     'content-type': 'application/json',
162 silly get     'cache-control': 'max-age=60',
162 silly get     'content-length': '50164',
162 silly get     'accept-ranges': 'bytes',
162 silly get     date: 'Mon, 12 Oct 2015 01:27:36 GMT',
162 silly get     via: '1.1 varnish',
162 silly get     connection: 'keep-alive',
162 silly get     'x-served-by': 'cache-nrt6129-NRT',
162 silly get     'x-cache': 'MISS',
162 silly get     'x-cache-hits': '0',
162 silly get     'x-timer': 'S1444613255.371865,VS0,VE656',
162 silly get     vary: 'Accept' } ]
163 verbose get saving ejs to /Users/youniforever/.npm/registry.npmjs.org/ejs/.cache.json
164 silly addNameRange number 2 { name: 'ejs', range: '>=2.1.4 <3.0.0', hasData: true }
165 silly addNameRange versions [ 'ejs',
165 silly addNameRange   [ '0.0.1',
165 silly addNameRange     '0.0.2',
165 silly addNameRange     '0.0.3',
165 silly addNameRange     '0.0.4',
165 silly addNameRange     '0.1.0',
165 silly addNameRange     '0.2.0',
165 silly addNameRange     '0.2.1',
165 silly addNameRange     '0.3.0',
165 silly addNameRange     '0.3.1',
165 silly addNameRange     '0.4.0',
165 silly addNameRange     '0.4.1',
165 silly addNameRange     '0.4.2',
165 silly addNameRange     '0.4.3',
165 silly addNameRange     '0.5.0',
165 silly addNameRange     '0.6.0',
165 silly addNameRange     '0.6.1',
165 silly addNameRange     '0.7.0',
165 silly addNameRange     '0.7.1',
165 silly addNameRange     '0.7.2',
165 silly addNameRange     '0.8.0',
165 silly addNameRange     '0.8.1',
165 silly addNameRange     '0.8.2',
165 silly addNameRange     '0.8.3',
165 silly addNameRange     '0.8.4',
165 silly addNameRange     '0.8.5',
165 silly addNameRange     '0.8.6',
165 silly addNameRange     '0.8.8',
165 silly addNameRange     '1.0.0',
165 silly addNameRange     '2.0.2',
165 silly addNameRange     '2.0.3',
165 silly addNameRange     '2.0.4',
165 silly addNameRange     '2.0.5',
165 silly addNameRange     '2.0.6',
165 silly addNameRange     '2.0.7',
165 silly addNameRange     '2.0.8',
165 silly addNameRange     '2.1.1',
165 silly addNameRange     '2.1.2',
165 silly addNameRange     '2.1.3',
165 silly addNameRange     '2.1.4',
165 silly addNameRange     '2.2.1',
165 silly addNameRange     '2.2.2',
165 silly addNameRange     '2.2.3',
165 silly addNameRange     '2.2.4',
165 silly addNameRange     '2.3.1',
165 silly addNameRange     '2.3.2',
165 silly addNameRange     '2.3.3',
165 silly addNameRange     '2.3.4' ] ]
166 verbose addNamed ejs@2.3.4
167 silly addNamed semver.valid 2.3.4
168 silly addNamed semver.validRange 2.3.4
169 silly cache afterAdd ejs@2.3.4
170 verbose afterAdd /Users/youniforever/.npm/ejs/2.3.4/package/package.json not in flight; writing
171 verbose afterAdd /Users/youniforever/.npm/ejs/2.3.4/package/package.json written
172 http 200 https://registry.npmjs.org/mysql
173 silly get cb [ 200,
173 silly get   { server: 'CouchDB/1.5.0 (Erlang OTP/R16B03)',
173 silly get     etag: '"5FR9LJK9N9SEZKI0AIS8014UP"',
173 silly get     'content-type': 'application/json',
173 silly get     'cache-control': 'max-age=60',
173 silly get     'content-length': '116782',
173 silly get     'accept-ranges': 'bytes',
173 silly get     date: 'Mon, 12 Oct 2015 01:27:36 GMT',
173 silly get     via: '1.1 varnish',
173 silly get     connection: 'keep-alive',
173 silly get     'x-served-by': 'cache-nrt6135-NRT',
173 silly get     'x-cache': 'MISS',
173 silly get     'x-cache-hits': '0',
173 silly get     'x-timer': 'S1444613255.365088,VS0,VE952',
173 silly get     vary: 'Accept' } ]
174 verbose get saving mysql to /Users/youniforever/.npm/registry.npmjs.org/mysql/.cache.json
175 silly addNameRange number 2 { name: 'mysql', range: '>=2.9.0 <3.0.0', hasData: true }
176 silly addNameRange versions [ 'mysql',
176 silly addNameRange   [ '0.1.0',
176 silly addNameRange     '0.2.0',
176 silly addNameRange     '0.3.0',
176 silly addNameRange     '0.4.0',
176 silly addNameRange     '0.5.0',
176 silly addNameRange     '0.6.0',
176 silly addNameRange     '0.7.0',
176 silly addNameRange     '0.8.0',
176 silly addNameRange     '0.9.0',
176 silly addNameRange     '0.9.1',
176 silly addNameRange     '0.9.2',
176 silly addNameRange     '0.9.3',
176 silly addNameRange     '0.9.4',
176 silly addNameRange     '0.9.5',
176 silly addNameRange     '0.9.6',
176 silly addNameRange     '2.0.0-alpha',
176 silly addNameRange     '2.0.0-alpha2',
176 silly addNameRange     '2.0.0-alpha3',
176 silly addNameRange     '2.0.0-alpha4',
176 silly addNameRange     '2.0.0-alpha5',
176 silly addNameRange     '2.0.0-alpha6',
176 silly addNameRange     '2.0.0-alpha7',
176 silly addNameRange     '2.0.0-alpha8',
176 silly addNameRange     '2.0.0-alpha9',
176 silly addNameRange     '2.0.0-rc1',
176 silly addNameRange     '2.0.0-rc2',
176 silly addNameRange     '2.0.0',
176 silly addNameRange     '2.0.1',
176 silly addNameRange     '2.1.0',
176 silly addNameRange     '2.1.1',
176 silly addNameRange     '2.2.0',
176 silly addNameRange     '2.3.0',
176 silly addNameRange     '2.3.1',
176 silly addNameRange     '2.3.2',
176 silly addNameRange     '2.4.0',
176 silly addNameRange     '2.4.1',
176 silly addNameRange     '2.4.2',
176 silly addNameRange     '2.4.3',
176 silly addNameRange     '2.5.0',
176 silly addNameRange     '2.5.1',
176 silly addNameRange     '2.5.2',
176 silly addNameRange     '2.5.3',
176 silly addNameRange     '2.5.4',
176 silly addNameRange     '2.5.5',
176 silly addNameRange     '2.6.0',
176 silly addNameRange     '2.6.1',
176 silly addNameRange     '2.6.2',
176 silly addNameRange     '2.7.0',
176 silly addNameRange     '2.8.0',
176 silly addNameRange     '2.9.0' ] ]
177 verbose addNamed mysql@2.9.0
178 silly addNamed semver.valid 2.9.0
179 silly addNamed semver.validRange 2.9.0
180 silly cache afterAdd mysql@2.9.0
181 verbose afterAdd /Users/youniforever/.npm/mysql/2.9.0/package/package.json not in flight; writing
182 verbose afterAdd /Users/youniforever/.npm/mysql/2.9.0/package/package.json written
183 http 200 https://registry.npmjs.org/express
184 silly get cb [ 200,
184 silly get   { server: 'CouchDB/1.5.0 (Erlang OTP/R16B03)',
184 silly get     etag: '"CVCRNRLZ6KGZ3HC7H9N9LVEV4"',
184 silly get     'content-type': 'application/json',
184 silly get     'cache-control': 'max-age=60',
184 silly get     'content-length': '527450',
184 silly get     'accept-ranges': 'bytes',
184 silly get     date: 'Mon, 12 Oct 2015 01:27:36 GMT',
184 silly get     via: '1.1 varnish',
184 silly get     connection: 'keep-alive',
184 silly get     'x-served-by': 'cache-nrt6134-NRT',
184 silly get     'x-cache': 'MISS',
184 silly get     'x-cache-hits': '0',
184 silly get     'x-timer': 'S1444613255.356919,VS0,VE743',
184 silly get     vary: 'Accept' } ]
185 verbose get saving express to /Users/youniforever/.npm/registry.npmjs.org/express/.cache.json
186 silly addNameRange number 2 { name: 'express', range: '>=4.10.8 <5.0.0', hasData: true }
187 silly addNameRange versions [ 'express',
187 silly addNameRange   [ '0.14.0',
187 silly addNameRange     '0.14.1',
187 silly addNameRange     '1.0.0',
187 silly addNameRange     '1.0.1',
187 silly addNameRange     '1.0.2',
187 silly addNameRange     '1.0.3',
187 silly addNameRange     '1.0.4',
187 silly addNameRange     '1.0.5',
187 silly addNameRange     '1.0.6',
187 silly addNameRange     '1.0.7',
187 silly addNameRange     '1.0.8',
187 silly addNameRange     '2.0.0',
187 silly addNameRange     '2.1.0',
187 silly addNameRange     '2.1.1',
187 silly addNameRange     '2.2.0',
187 silly addNameRange     '2.2.1',
187 silly addNameRange     '2.2.2',
187 silly addNameRange     '2.3.0',
187 silly addNameRange     '2.3.1',
187 silly addNameRange     '2.3.2',
187 silly addNameRange     '2.3.3',
187 silly addNameRange     '2.3.4',
187 silly addNameRange     '2.3.5',
187 silly addNameRange     '2.3.6',
187 silly addNameRange     '2.3.7',
187 silly addNameRange     '2.3.8',
187 silly addNameRange     '2.3.9',
187 silly addNameRange     '2.3.10',
187 silly addNameRange     '2.3.11',
187 silly addNameRange     '2.3.12',
187 silly addNameRange     '2.4.0',
187 silly addNameRange     '2.4.1',
187 silly addNameRange     '2.4.2',
187 silly addNameRange     '2.4.3',
187 silly addNameRange     '2.4.4',
187 silly addNameRange     '2.4.5',
187 silly addNameRange     '2.4.6',
187 silly addNameRange     '2.4.7',
187 silly addNameRange     '2.5.0',
187 silly addNameRange     '2.5.1',
187 silly addNameRange     '2.5.2',
187 silly addNameRange     '2.5.3',
187 silly addNameRange     '2.5.4',
187 silly addNameRange     '2.5.5',
187 silly addNameRange     '2.5.6',
187 silly addNameRange     '2.5.7',
187 silly addNameRange     '2.5.8',
187 silly addNameRange     '2.5.9',
187 silly addNameRange     '2.5.10',
187 silly addNameRange     '2.5.11',
187 silly addNameRange     '3.0.0',
187 silly addNameRange     '3.0.1',
187 silly addNameRange     '3.0.2',
187 silly addNameRange     '3.0.3',
187 silly addNameRange     '3.0.4',
187 silly addNameRange     '3.0.5',
187 silly addNameRange     '3.0.6',
187 silly addNameRange     '3.1.0',
187 silly addNameRange     '3.1.1',
187 silly addNameRange     '3.1.2',
187 silly addNameRange     '3.2.0',
187 silly addNameRange     '3.2.1',
187 silly addNameRange     '3.2.2',
187 silly addNameRange     '3.2.3',
187 silly addNameRange     '3.2.4',
187 silly addNameRange     '3.2.5',
187 silly addNameRange     '3.2.6',
187 silly addNameRange     '3.3.0',
187 silly addNameRange     '3.3.1',
187 silly addNameRange     '3.3.2',
187 silly addNameRange     '3.3.3',
187 silly addNameRange     '3.3.4',
187 silly addNameRange     '3.3.5',
187 silly addNameRange     '3.3.6',
187 silly addNameRange     '1.0.0-beta',
187 silly addNameRange     '1.0.0-beta2',
187 silly addNameRange     '1.0.0-rc',
187 silly addNameRange     '1.0.0-rc2',
187 silly addNameRange     '1.0.0-rc3',
187 silly addNameRange     '1.0.0-rc4',
187 silly addNameRange     '2.0.0-beta',
187 silly addNameRange     '2.0.0-beta2',
187 silly addNameRange     '2.0.0-beta3',
187 silly addNameRange     '2.0.0-rc',
187 silly addNameRange     '2.0.0-rc2',
187 silly addNameRange     '2.0.0-rc3',
187 silly addNameRange     '3.0.0-alpha1',
187 silly addNameRange     '3.0.0-alpha2',
187 silly addNameRange     '3.0.0-alpha3',
187 silly addNameRange     '3.0.0-alpha4',
187 silly addNameRange     '3.0.0-alpha5',
187 silly addNameRange     '3.0.0-beta1',
187 silly addNameRange     '3.0.0-beta2',
187 silly addNameRange     '3.0.0-beta3',
187 silly addNameRange     '3.0.0-beta4',
187 silly addNameRange     '3.0.0-beta6',
187 silly addNameRange     '3.0.0-beta7',
187 silly addNameRange     '3.0.0-rc1',
187 silly addNameRange     '3.0.0-rc2',
187 silly addNameRange     '3.0.0-rc3',
187 silly addNameRange     '3.0.0-rc4',
187 silly addNameRange     '3.0.0-rc5',
187 silly addNameRange     '3.3.7',
187 silly addNameRange     '3.3.8',
187 silly addNameRange     '3.4.0',
187 silly addNameRange     '3.4.1',
187 silly addNameRange     '3.4.2',
187 silly addNameRange     '3.4.3',
187 silly addNameRange     '3.4.4',
187 silly addNameRange     '3.4.5',
187 silly addNameRange     '3.4.6',
187 silly addNameRange     '3.4.7',
187 silly addNameRange     '3.4.8',
187 silly addNameRange     '4.0.0-rc1',
187 silly addNameRange     '4.0.0-rc2',
187 silly addNameRange     '3.5.0',
187 silly addNameRange     '4.0.0-rc3',
187 silly addNameRange     '4.0.0-rc4',
187 silly addNameRange     '3.5.1',
187 silly addNameRange     '4.0.0',
187 silly addNameRange     '3.5.2',
187 silly addNameRange     '4.1.0',
187 silly addNameRange     '4.1.1',
187 silly addNameRange     '3.5.3',
187 silly addNameRange     '4.1.2',
187 silly addNameRange     '3.6.0',
187 silly addNameRange     '4.2.0',
187 silly addNameRange     '3.7.0',
187 silly addNameRange     '3.8.0',
187 silly addNameRange     '4.3.0',
187 silly addNameRange     '4.3.1',
187 silly addNameRange     '3.8.1',
187 silly addNameRange     '4.3.2',
187 silly addNameRange     '3.9.0',
187 silly addNameRange     '4.4.0',
187 silly addNameRange     '4.4.1',
187 silly addNameRange     '3.10.0',
187 silly addNameRange     '3.10.1',
187 silly addNameRange     '3.10.2',
187 silly addNameRange     '3.10.3',
187 silly addNameRange     '3.10.4',
187 silly addNameRange     '4.4.2',
187 silly addNameRange     '3.10.5',
187 silly addNameRange     '4.4.3',
187 silly addNameRange     '3.11.0',
187 silly addNameRange     '4.4.4',
187 silly addNameRange     '3.12.0',
187 silly addNameRange     '3.12.1',
187 silly addNameRange     '4.4.5',
187 silly addNameRange     '3.13.0',
187 silly addNameRange     '4.5.0',
187 silly addNameRange     '4.5.1',
187 silly addNameRange     '3.14.0',
187 silly addNameRange     '4.6.0',
187 silly addNameRange     '4.6.1',
187 silly addNameRange     '3.15.0',
187 silly addNameRange     '4.7.0',
187 silly addNameRange     '3.15.1',
187 silly addNameRange     '4.7.1',
187 silly addNameRange     '3.15.2',
187 silly addNameRange     '4.7.2',
187 silly addNameRange     '4.7.3',
187 silly addNameRange     '3.15.3',
187 silly addNameRange     '4.7.4',
187 silly addNameRange     '3.16.0',
187 silly addNameRange     '4.8.0',
187 silly addNameRange     '3.16.1',
187 silly addNameRange     '4.8.1',
187 silly addNameRange     '3.16.2',
187 silly addNameRange     '4.8.2',
187 silly addNameRange     '3.16.3',
187 silly addNameRange     '3.16.4',
187 silly addNameRange     '4.8.3',
187 silly addNameRange     '3.16.5',
187 silly addNameRange     '3.16.6',
187 silly addNameRange     '4.8.4',
187 silly addNameRange     '3.16.7',
187 silly addNameRange     '4.8.5',
187 silly addNameRange     '3.16.8',
187 silly addNameRange     '4.8.6',
187 silly addNameRange     '3.16.9',
187 silly addNameRange     '4.8.7',
187 silly addNameRange     '3.16.10',
187 silly addNameRange     '4.8.8',
187 silly addNameRange     '3.17.0',
187 silly addNameRange     '3.17.1',
187 silly addNameRange     '4.9.0',
187 silly addNameRange     '3.17.2',
187 silly addNameRange     '4.9.1',
187 silly addNameRange     '4.9.2',
187 silly addNameRange     '3.17.3',
187 silly addNameRange     '4.9.3',
187 silly addNameRange     '3.17.4',
187 silly addNameRange     '4.9.4',
187 silly addNameRange     '3.17.5',
187 silly addNameRange     '4.9.5',
187 silly addNameRange     '3.17.6',
187 silly addNameRange     '3.17.7',
187 silly addNameRange     '4.9.6',
187 silly addNameRange     '4.9.7',
187 silly addNameRange     '3.17.8',
187 silly addNameRange     '4.9.8',
187 silly addNameRange     '3.18.0',
187 silly addNameRange     '3.18.1',
187 silly addNameRange     '4.10.0',
187 silly addNameRange     '3.18.2',
187 silly addNameRange     '4.10.1',
187 silly addNameRange     '5.0.0-alpha.1',
187 silly addNameRange     '3.18.3',
187 silly addNameRange     '4.10.2',
187 silly addNameRange     '3.18.4',
187 silly addNameRange     '4.10.3',
187 silly addNameRange     '4.10.4',
187 silly addNameRange     '4.10.5',
187 silly addNameRange     '3.18.5',
187 silly addNameRange     '3.18.6',
187 silly addNameRange     '4.10.6',
187 silly addNameRange     '4.10.7',
187 silly addNameRange     '3.19.0',
187 silly addNameRange     '4.10.8',
187 silly addNameRange     '4.11.0',
187 silly addNameRange     '3.19.1',
187 silly addNameRange     '4.11.1',
187 silly addNameRange     '3.19.2',
187 silly addNameRange     '4.11.2',
187 silly addNameRange     '3.20.0',
187 silly addNameRange     '4.12.0',
187 silly addNameRange     '3.20.1',
187 silly addNameRange     '4.12.1',
187 silly addNameRange     '4.12.2',
187 silly addNameRange     '3.20.2',
187 silly addNameRange     '4.12.3',
187 silly addNameRange     '3.20.3',
187 silly addNameRange     '4.12.4',
187 silly addNameRange     '3.21.0',
187 silly addNameRange     '4.13.0',
187 silly addNameRange     '3.21.1',
187 silly addNameRange     '4.13.1',
187 silly addNameRange     '5.0.0-alpha.2',
187 silly addNameRange     '3.21.2',
187 silly addNameRange     '4.13.2',
187 silly addNameRange     '4.13.3' ] ]
188 verbose addNamed express@4.13.3
189 silly addNamed semver.valid 4.13.3
190 silly addNamed semver.validRange 4.13.3
191 silly cache afterAdd express@4.13.3
192 verbose afterAdd /Users/youniforever/.npm/express/4.13.3/package/package.json not in flight; writing
193 verbose afterAdd /Users/youniforever/.npm/express/4.13.3/package/package.json written
194 http 200 https://registry.npmjs.org/body-parser
195 silly get cb [ 200,
195 silly get   { server: 'CouchDB/1.5.0 (Erlang OTP/R16B03)',
195 silly get     etag: '"YNYZTVPT7E5MP540Y1N1DA09"',
195 silly get     'content-type': 'application/json',
195 silly get     'cache-control': 'max-age=60',
195 silly get     'content-length': '110530',
195 silly get     'accept-ranges': 'bytes',
195 silly get     date: 'Mon, 12 Oct 2015 01:27:35 GMT',
195 silly get     via: '1.1 varnish',
195 silly get     connection: 'keep-alive',
195 silly get     'x-served-by': 'cache-nrt6132-NRT',
195 silly get     'x-cache': 'MISS',
195 silly get     'x-cache-hits': '0',
195 silly get     'x-timer': 'S1444613255.367835,VS0,VE386',
195 silly get     vary: 'Accept' } ]
196 verbose get saving body-parser to /Users/youniforever/.npm/registry.npmjs.org/body-parser/.cache.json
197 silly addNameRange number 2 { name: 'body-parser', range: '>=1.10.1 <2.0.0', hasData: true }
198 silly addNameRange versions [ 'body-parser',
198 silly addNameRange   [ '1.0.0',
198 silly addNameRange     '1.0.1',
198 silly addNameRange     '1.0.2',
198 silly addNameRange     '1.1.0',
198 silly addNameRange     '1.1.1',
198 silly addNameRange     '1.1.2',
198 silly addNameRange     '1.2.0',
198 silly addNameRange     '1.2.1',
198 silly addNameRange     '1.2.2',
198 silly addNameRange     '1.3.0',
198 silly addNameRange     '1.3.1',
198 silly addNameRange     '1.4.0',
198 silly addNameRange     '1.4.1',
198 silly addNameRange     '1.4.2',
198 silly addNameRange     '1.4.3',
198 silly addNameRange     '1.5.0',
198 silly addNameRange     '1.5.1',
198 silly addNameRange     '1.5.2',
198 silly addNameRange     '1.6.0',
198 silly addNameRange     '1.6.1',
198 silly addNameRange     '1.6.2',
198 silly addNameRange     '1.6.3',
198 silly addNameRange     '1.6.4',
198 silly addNameRange     '1.6.5',
198 silly addNameRange     '1.6.6',
198 silly addNameRange     '1.6.7',
198 silly addNameRange     '1.7.0',
198 silly addNameRange     '1.8.0',
198 silly addNameRange     '1.8.1',
198 silly addNameRange     '1.8.2',
198 silly addNameRange     '1.8.3',
198 silly addNameRange     '1.8.4',
198 silly addNameRange     '1.9.0',
198 silly addNameRange     '1.9.1',
198 silly addNameRange     '1.9.2',
198 silly addNameRange     '1.9.3',
198 silly addNameRange     '1.10.0',
198 silly addNameRange     '1.10.1',
198 silly addNameRange     '1.10.2',
198 silly addNameRange     '1.11.0',
198 silly addNameRange     '1.12.0',
198 silly addNameRange     '1.12.1',
198 silly addNameRange     '1.12.2',
198 silly addNameRange     '1.12.3',
198 silly addNameRange     '1.12.4',
198 silly addNameRange     '1.13.0',
198 silly addNameRange     '1.13.1',
198 silly addNameRange     '1.13.2',
198 silly addNameRange     '1.13.3',
198 silly addNameRange     '1.14.0',
198 silly addNameRange     '1.14.1' ] ]
199 verbose addNamed body-parser@1.14.1
200 silly addNamed semver.valid 1.14.1
201 silly addNamed semver.validRange 1.14.1
202 silly cache afterAdd body-parser@1.14.1
203 verbose afterAdd /Users/youniforever/.npm/body-parser/1.14.1/package/package.json not in flight; writing
204 verbose afterAdd /Users/youniforever/.npm/body-parser/1.14.1/package/package.json written
205 verbose stack Error: Registry returned 404 for GET on https://registry.npmjs.org/mysqlfabric-nodejs-connectors
205 verbose stack     at CachingRegistryClient.<anonymous> (/usr/local/lib/node_modules/npm/node_modules/npm-registry-client/lib/request.js:244:14)
205 verbose stack     at Request._callback (/usr/local/lib/node_modules/npm/node_modules/npm-registry-client/lib/request.js:178:14)
205 verbose stack     at Request.self.callback (/usr/local/lib/node_modules/npm/node_modules/request/request.js:344:22)
205 verbose stack     at Request.emit (events.js:110:17)
205 verbose stack     at Request.<anonymous> (/usr/local/lib/node_modules/npm/node_modules/request/request.js:1239:14)
205 verbose stack     at Request.emit (events.js:129:20)
205 verbose stack     at IncomingMessage.<anonymous> (/usr/local/lib/node_modules/npm/node_modules/request/request.js:1187:12)
205 verbose stack     at IncomingMessage.emit (events.js:129:20)
205 verbose stack     at _stream_readable.js:908:16
205 verbose stack     at process._tickCallback (node.js:355:11)
206 verbose statusCode 404
207 verbose pkgid mysqlfabric-nodejs-connectors
208 verbose cwd /Users/youniforever/Documents/My/nodejs/drmz-rest-svc
209 error Darwin 15.0.0
210 error argv "node" "/usr/local/bin/npm" "install" "body-parser" "ejs" "express" "mongodb" "mysql" "mysqlfabric-nodejs-connectors" "util" "--save"
211 error node v0.12.0
212 error npm  v2.5.1
213 error code E404
214 error 404 Registry returned 404 for GET on https://registry.npmjs.org/mysqlfabric-nodejs-connectors
214 error 404
214 error 404 'mysqlfabric-nodejs-connectors' is not in the npm registry.
214 error 404 You should bug the author to publish it (or use the name yourself!)
214 error 404 It was specified as a dependency of 'mvc-http-server'
214 error 404
214 error 404 Note that you can also install from a
214 error 404 tarball, folder, http url, or git url.
215 verbose exit [ 1, true ]
